8/17/2023, 7:00:05 PM [INFO]: Investor successfully signed up: hello@example.com
8/17/2023, 7:02:06 PM [INFO]: Investor successfully signed up: suresh02abi09@gmail.com
8/17/2023, 7:11:53 PM [INFO]: Investor successfully signed up: hubert@gmail.com
8/17/2023, 7:12:23 PM [INFO]: Investor successfully signed up: hubert@gmail.com
8/18/2023, 8:32:19 AM [INFO]: Investor successfully signed up: abi09suresh2@gmail.com
8/18/2023, 8:59:37 AM [INFO]: Investor successfully signed up: gayu@gmail.com
8/18/2023, 9:01:21 AM [INFO]: Investor successfully register: Gayathri
8/18/2023, 10:20:38 AM [INFO]: Investor successfully signed up: suresh02abi09@gmail.com
8/18/2023, 10:21:58 AM [INFO]: Investor successfully register: Abiramy
8/18/2023, 12:02:38 PM [INFO]: Investor successfully signed up: hubert@gmail.com
8/18/2023, 12:03:24 PM [INFO]: Investor successfully registerd: Abiramy
8/18/2023, 2:51:07 PM [INFO]: Investor successfully signed up: suresh02abi09@gmail.com
8/21/2023, 10:45:18 AM [INFO]: Investor successfully signed up: suresh02abi09@gmail.com
8/21/2023, 11:06:28 AM [INFO]: Investor successfully signed up: sathu@gmail.com
8/21/2023, 11:08:09 AM [INFO]: Investor successfully signed up: suresh02abi09@gmail.com
8/21/2023, 12:51:59 PM [INFO]: Company successfully signed up: suresh02abi09@gmail.com
8/21/2023, 12:53:11 PM [ERROR]: Registration error: ReferenceError: firstName is not defined
8/21/2023, 12:56:22 PM [INFO]: Investor successfully signed up: vacationapk@gmail.com
8/21/2023, 12:56:52 PM [INFO]: Investor successfully registerd: Abiramy
8/21/2023, 12:58:34 PM [INFO]: Company successfully signed up: abi09suresh2@gmail.com
8/21/2023, 12:59:17 PM [INFO]: Company successfully registerd
8/21/2023, 4:01:48 PM [INFO]: Investor successfully signed up: abi09suresh2@gmail.com
8/21/2023, 8:08:43 PM [INFO]: Investor successfully signed up: hubert@gmail.com
8/21/2023, 9:57:54 PM [INFO]: Company successfully signed up: gayu@gmail.com
8/21/2023, 9:58:42 PM [ERROR]: Registration error: ReferenceError: db is not defined
8/21/2023, 10:01:44 PM [ERROR]: Registration error: ReferenceError: query is not defined
8/21/2023, 10:03:27 PM [INFO]: Company successfully registerd
8/21/2023, 10:08:02 PM [INFO]: Investor successfully signed up: vacationapk@gmail.com
8/21/2023, 10:14:49 PM [INFO]: Investor successfully registered: Vacation
8/21/2023, 10:17:17 PM [INFO]: Investor successfully registered: Vacation
8/22/2023, 10:10:34 AM [INFO]: Company successfully signed up: company@gmail.com
8/22/2023, 10:11:23 AM [INFO]: Company successfully registerd
8/22/2023, 10:43:49 AM [INFO]: Investor successfully signed up: investor@gmail.com
8/22/2023, 10:46:22 AM [INFO]: Investor successfully signed up: hievery@gmail.com
8/22/2023, 10:47:22 AM [INFO]: Investor successfully registered: Vacation
8/22/2023, 11:52:02 AM [INFO]: Investor successfully signed up: kingthivaan01@gmail.com
8/22/2023, 11:52:31 AM [INFO]: Investor successfully registered: Vacation
8/22/2023, 12:15:52 PM [INFO]: Investor successfully signed up: prathap@gmail.com
8/22/2023, 12:16:24 PM [INFO]: Investor successfully registered: prathap
8/22/2023, 1:23:49 PM [INFO]: Company successfully signed up: baby@gmail.com
8/22/2023, 1:25:02 PM [INFO]: Company successfully registerd
8/23/2023, 8:35:46 AM [INFO]: Investor successfully signed up: kiruba1@gmail.com
8/23/2023, 8:36:47 AM [INFO]: Investor successfully registered: Kiruba
8/25/2023, 2:56:07 PM [INFO]: Company successfully signed up: deivam@gmail.com
8/25/2023, 2:57:30 PM [INFO]: Company successfully registerd
8/25/2023, 3:34:38 PM [INFO]: Company successfully signed up: testing@gmail.com
8/25/2023, 3:35:42 PM [INFO]: Company successfully registerd
8/25/2023, 3:39:53 PM [INFO]: Company successfully signed up: passing@gmail.com
8/25/2023, 3:40:41 PM [INFO]: Company successfully registerd
8/25/2023, 3:43:20 PM [INFO]: Company successfully signed up: sharuni@gmail.com
8/25/2023, 3:44:15 PM [INFO]: Company successfully registerd
8/25/2023, 3:54:53 PM [INFO]: Company successfully signed up: vvvvvvvv@gmail.com
8/25/2023, 3:55:32 PM [INFO]: Company successfully registerd
8/25/2023, 4:00:01 PM [INFO]: Company successfully signed up: hello3@gmail.com
8/25/2023, 4:00:46 PM [INFO]: Company successfully registerd
8/25/2023, 4:03:12 PM [INFO]: Company successfully signed up: aaaa@gmail.com
8/25/2023, 4:04:23 PM [INFO]: Company successfully registerd
8/25/2023, 4:15:05 PM [INFO]: Company successfully signed up: aaaaa@gmail.com
8/25/2023, 4:15:57 PM [INFO]: Company successfully registerd
8/25/2023, 4:19:28 PM [INFO]: Company successfully signed up: saju3@gmail.com
8/25/2023, 4:20:04 PM [INFO]: Company successfully registerd
8/25/2023, 4:36:34 PM [INFO]: Company successfully signed up: try@gmail.com
8/25/2023, 4:37:10 PM [INFO]: Company successfully registerd
8/25/2023, 4:44:06 PM [INFO]: Company successfully signed up: abi9@gmail.com
8/25/2023, 4:59:34 PM [INFO]: Company successfully signed up: abiiftreh@gmail.com
8/25/2023, 5:01:48 PM [INFO]: Company successfully registerd
8/25/2023, 5:03:09 PM [INFO]: Company successfully registerd
8/25/2023, 5:05:52 PM [INFO]: Company successfully registerd
8/25/2023, 5:08:49 PM [INFO]: Company successfully registerd
8/25/2023, 5:17:57 PM [INFO]: Company successfully signed up: ukilife@gmail.com
8/25/2023, 5:18:32 PM [INFO]: Company successfully registerd
8/25/2023, 5:27:43 PM [INFO]: Company successfully signed up: enjoy@gmail.com
8/25/2023, 5:29:17 PM [INFO]: Company successfully registerd
8/28/2023, 8:08:20 AM [INFO]: Company successfully signed up: sathu30@gmail.com
8/28/2023, 8:09:39 AM [INFO]: Company successfully registerd
8/28/2023, 1:23:56 PM [INFO]: Company successfully signed up: abi30@gmail.com
8/28/2023, 1:25:08 PM [INFO]: Company successfully registerd
8/28/2023, 1:31:01 PM [INFO]: Company successfully registerd
8/28/2023, 1:33:43 PM [INFO]: Company successfully registerd
8/28/2023, 2:58:53 PM [INFO]: Company successfully registerd
8/28/2023, 3:00:52 PM [INFO]: Company successfully registerd
8/28/2023, 3:19:58 PM [INFO]: Company successfully registerd
8/28/2023, 3:23:55 PM [INFO]: Company successfully registerd
8/28/2023, 3:27:36 PM [INFO]: Company successfully registerd
8/28/2023, 3:32:50 PM [INFO]: Company successfully registerd
8/28/2023, 3:36:42 PM [INFO]: Company successfully registerd
8/28/2023, 3:40:05 PM [INFO]: Company successfully registerd
8/28/2023, 3:42:55 PM [INFO]: Company successfully registerd
8/28/2023, 3:49:41 PM [INFO]: Company successfully registerd
8/28/2023, 3:53:08 PM [INFO]: Company successfully signed up: prathap12@gmail.com
8/28/2023, 3:53:56 PM [INFO]: Company successfully registerd
8/28/2023, 3:56:20 PM [INFO]: Company successfully registerd
8/28/2023, 3:59:52 PM [INFO]: Company successfully registerd
9/5/2023, 9:43:53 AM [INFO]: Company successfully registerd
9/5/2023, 9:45:10 AM [INFO]: Company successfully registerd
9/5/2023, 9:47:42 AM [INFO]: Company successfully registerd
9/5/2023, 11:22:29 AM [INFO]: Company successfully registerd
9/5/2023, 11:23:38 AM [INFO]: Company successfully registerd
9/5/2023, 11:25:18 AM [INFO]: Company successfully registerd
9/5/2023, 12:36:39 PM [INFO]: Company successfully registerd
9/5/2023, 2:35:02 PM [INFO]: Company successfully registerd
9/5/2023, 4:17:20 PM [INFO]: Company successfully registerd
9/6/2023, 9:44:51 AM [INFO]: Company successfully registerd
9/6/2023, 10:24:13 AM [INFO]: Investor successfully registered: Bemal
9/6/2023, 10:25:52 AM [INFO]: Investor successfully registered: Investor 1
9/8/2023, 12:28:02 PM [INFO]: Investor successfully registered: bemal
9/8/2023, 1:14:31 PM [INFO]: Company successfully signed up: bdvidanagamachchi@gmail.com
9/8/2023, 1:21:10 PM [INFO]: Investor successfully signed up: bdvidanagamachchi@gmail.com
9/8/2023, 7:10:31 PM [INFO]: Investor successfully signed up: bdvidanagamachchi@gmail.com
9/8/2023, 7:50:16 PM [INFO]: Investor successfully registered: Bemal
9/8/2023, 7:51:03 PM [INFO]: Investor successfully registered: Bemal
9/8/2023, 8:00:48 PM [INFO]: Investor successfully signed up: bdvidanagamachchi@gmail.com
9/8/2023, 8:01:08 PM [INFO]: Investor successfully registered: Bemal
9/9/2023, 10:08:21 AM [INFO]: Company successfully registerd
9/9/2023, 10:08:49 AM [INFO]: Company successfully registerd
9/9/2023, 10:22:36 AM [INFO]: Company successfully registerd
9/9/2023, 10:30:17 AM [INFO]: Company successfully registerd
9/9/2023, 10:31:03 AM [INFO]: Company successfully registerd
9/9/2023, 10:41:41 AM [INFO]: Company successfully registerd
9/9/2023, 10:42:12 AM [INFO]: Company successfully registerd
9/9/2023, 10:48:40 AM [INFO]: Company successfully registerd
9/9/2023, 10:54:16 AM [INFO]: Company successfully registerd
9/9/2023, 10:59:17 AM [INFO]: Company successfully registerd
9/9/2023, 11:03:37 AM [INFO]: Company successfully registerd
9/9/2023, 1:21:58 PM [INFO]: Company successfully registerd
9/9/2023, 1:28:54 PM [INFO]: Company successfully registerd
9/9/2023, 2:00:38 PM [INFO]: Investor successfully registered: Bemal
9/9/2023, 2:01:36 PM [INFO]: Investor successfully registered: bemal
9/9/2023, 2:07:33 PM [INFO]: Investor successfully registered: Bemal
9/9/2023, 2:07:37 PM [INFO]: Company successfully registerd
9/9/2023, 2:08:30 PM [INFO]: Investor successfully signed up: bdvidanagamachchi123@gmail.com
9/9/2023, 2:10:21 PM [INFO]: Company successfully signed up: bemalsdvanitha123@gmail.com
9/9/2023, 3:13:28 PM [INFO]: Company successfully signed up: bdvidanagamachchi@gmail.com
9/9/2023, 3:14:18 PM [INFO]: Investor successfully signed up: bemalsdvanitha123@gmail.com
9/9/2023, 3:16:51 PM [INFO]: Company successfully registerd
9/9/2023, 3:38:15 PM [INFO]: Investor successfully registered: bemal
