8/17/2023, 7:00:05 PM [INFO]: Investor successfully signed up: hello@example.com
8/17/2023, 7:02:06 PM [INFO]: Investor successfully signed up: suresh02abi09@gmail.com
8/17/2023, 7:11:53 PM [INFO]: Investor successfully signed up: hubert@gmail.com
8/17/2023, 7:12:23 PM [INFO]: Investor successfully signed up: hubert@gmail.com
8/18/2023, 8:32:19 AM [INFO]: Investor successfully signed up: abi09suresh2@gmail.com
8/18/2023, 8:59:37 AM [INFO]: Investor successfully signed up: gayu@gmail.com
8/18/2023, 9:01:21 AM [INFO]: Investor successfully register: Gayathri
8/18/2023, 10:20:38 AM [INFO]: Investor successfully signed up: suresh02abi09@gmail.com
8/18/2023, 10:21:58 AM [INFO]: Investor successfully register: Abiramy
8/18/2023, 12:02:38 PM [INFO]: Investor successfully signed up: hubert@gmail.com
8/18/2023, 12:03:24 PM [INFO]: Investor successfully registerd: Abiramy
8/18/2023, 2:51:07 PM [INFO]: Investor successfully signed up: suresh02abi09@gmail.com
8/21/2023, 10:45:18 AM [INFO]: Investor successfully signed up: suresh02abi09@gmail.com
8/21/2023, 11:06:28 AM [INFO]: Investor successfully signed up: sathu@gmail.com
8/21/2023, 11:08:09 AM [INFO]: Investor successfully signed up: suresh02abi09@gmail.com
8/21/2023, 12:51:59 PM [INFO]: Company successfully signed up: suresh02abi09@gmail.com
8/21/2023, 12:53:11 PM [ERROR]: Registration error: ReferenceError: firstName is not defined
8/21/2023, 12:56:22 PM [INFO]: Investor successfully signed up: vacationapk@gmail.com
8/21/2023, 12:56:52 PM [INFO]: Investor successfully registerd: Abiramy
8/21/2023, 12:58:34 PM [INFO]: Company successfully signed up: abi09suresh2@gmail.com
8/21/2023, 12:59:17 PM [INFO]: Company successfully registerd
8/21/2023, 4:01:48 PM [INFO]: Investor successfully signed up: abi09suresh2@gmail.com
8/21/2023, 8:08:43 PM [INFO]: Investor successfully signed up: hubert@gmail.com
8/21/2023, 9:57:54 PM [INFO]: Company successfully signed up: gayu@gmail.com
8/21/2023, 9:58:42 PM [ERROR]: Registration error: ReferenceError: db is not defined
8/21/2023, 10:01:44 PM [ERROR]: Registration error: ReferenceError: query is not defined
8/21/2023, 10:03:27 PM [INFO]: Company successfully registerd
8/21/2023, 10:08:02 PM [INFO]: Investor successfully signed up: vacationapk@gmail.com
8/21/2023, 10:14:49 PM [INFO]: Investor successfully registered: Vacation
8/21/2023, 10:17:17 PM [INFO]: Investor successfully registered: Vacation
8/22/2023, 10:10:34 AM [INFO]: Company successfully signed up: company@gmail.com
8/22/2023, 10:11:23 AM [INFO]: Company successfully registerd
8/22/2023, 10:43:49 AM [INFO]: Investor successfully signed up: investor@gmail.com
8/22/2023, 10:46:22 AM [INFO]: Investor successfully signed up: hievery@gmail.com
8/22/2023, 10:47:22 AM [INFO]: Investor successfully registered: Vacation
8/22/2023, 11:52:02 AM [INFO]: Investor successfully signed up: kingthivaan01@gmail.com
8/22/2023, 11:52:31 AM [INFO]: Investor successfully registered: Vacation
8/22/2023, 12:15:52 PM [INFO]: Investor successfully signed up: prathap@gmail.com
8/22/2023, 12:16:24 PM [INFO]: Investor successfully registered: prathap
8/22/2023, 1:23:49 PM [INFO]: Company successfully signed up: baby@gmail.com
8/22/2023, 1:25:02 PM [INFO]: Company successfully registerd
8/23/2023, 8:35:46 AM [INFO]: Investor successfully signed up: kiruba1@gmail.com
8/23/2023, 8:36:47 AM [INFO]: Investor successfully registered: Kiruba
8/25/2023, 2:56:07 PM [INFO]: Company successfully signed up: deivam@gmail.com
8/25/2023, 2:57:30 PM [INFO]: Company successfully registerd
8/25/2023, 3:34:38 PM [INFO]: Company successfully signed up: testing@gmail.com
8/25/2023, 3:35:42 PM [INFO]: Company successfully registerd
8/25/2023, 3:39:53 PM [INFO]: Company successfully signed up: passing@gmail.com
8/25/2023, 3:40:41 PM [INFO]: Company successfully registerd
8/25/2023, 3:43:20 PM [INFO]: Company successfully signed up: sharuni@gmail.com
8/25/2023, 3:44:15 PM [INFO]: Company successfully registerd
8/25/2023, 3:54:53 PM [INFO]: Company successfully signed up: vvvvvvvv@gmail.com
8/25/2023, 3:55:32 PM [INFO]: Company successfully registerd
8/25/2023, 4:00:01 PM [INFO]: Company successfully signed up: hello3@gmail.com
8/25/2023, 4:00:46 PM [INFO]: Company successfully registerd
8/25/2023, 4:03:12 PM [INFO]: Company successfully signed up: aaaa@gmail.com
8/25/2023, 4:04:23 PM [INFO]: Company successfully registerd
8/25/2023, 4:15:05 PM [INFO]: Company successfully signed up: aaaaa@gmail.com
8/25/2023, 4:15:57 PM [INFO]: Company successfully registerd
8/25/2023, 4:19:28 PM [INFO]: Company successfully signed up: saju3@gmail.com
8/25/2023, 4:20:04 PM [INFO]: Company successfully registerd
8/25/2023, 4:36:34 PM [INFO]: Company successfully signed up: try@gmail.com
8/25/2023, 4:37:10 PM [INFO]: Company successfully registerd
8/25/2023, 4:44:06 PM [INFO]: Company successfully signed up: abi9@gmail.com
8/25/2023, 4:59:34 PM [INFO]: Company successfully signed up: abiiftreh@gmail.com
8/25/2023, 5:01:48 PM [INFO]: Company successfully registerd
8/25/2023, 5:03:09 PM [INFO]: Company successfully registerd
8/25/2023, 5:05:52 PM [INFO]: Company successfully registerd
8/25/2023, 5:08:49 PM [INFO]: Company successfully registerd
8/25/2023, 5:17:57 PM [INFO]: Company successfully signed up: ukilife@gmail.com
8/25/2023, 5:18:32 PM [INFO]: Company successfully registerd
8/25/2023, 5:27:43 PM [INFO]: Company successfully signed up: enjoy@gmail.com
8/25/2023, 5:29:17 PM [INFO]: Company successfully registerd
8/28/2023, 8:08:20 AM [INFO]: Company successfully signed up: sathu30@gmail.com
8/28/2023, 8:09:39 AM [INFO]: Company successfully registerd
8/28/2023, 1:23:56 PM [INFO]: Company successfully signed up: abi30@gmail.com
8/28/2023, 1:25:08 PM [INFO]: Company successfully registerd
8/28/2023, 1:31:01 PM [INFO]: Company successfully registerd
8/28/2023, 1:33:43 PM [INFO]: Company successfully registerd
8/28/2023, 2:58:53 PM [INFO]: Company successfully registerd
8/28/2023, 3:00:52 PM [INFO]: Company successfully registerd
8/28/2023, 3:19:58 PM [INFO]: Company successfully registerd
8/28/2023, 3:23:55 PM [INFO]: Company successfully registerd
8/28/2023, 3:27:36 PM [INFO]: Company successfully registerd
8/28/2023, 3:32:50 PM [INFO]: Company successfully registerd
8/28/2023, 3:36:42 PM [INFO]: Company successfully registerd
8/28/2023, 3:40:05 PM [INFO]: Company successfully registerd
8/28/2023, 3:42:55 PM [INFO]: Company successfully registerd
8/28/2023, 3:49:41 PM [INFO]: Company successfully registerd
8/28/2023, 3:53:08 PM [INFO]: Company successfully signed up: prathap12@gmail.com
8/28/2023, 3:53:56 PM [INFO]: Company successfully registerd
8/28/2023, 3:56:20 PM [INFO]: Company successfully registerd
8/28/2023, 3:59:52 PM [INFO]: Company successfully registerd
8/28/2023, 5:13:21 PM [INFO]: Company successfully registerd
8/28/2023, 5:41:38 PM [INFO]: Company successfully registerd
8/28/2023, 5:44:21 PM [INFO]: Company successfully registerd
8/29/2023, 8:26:30 AM [INFO]: Company successfully registerd
8/31/2023, 8:01:23 AM [INFO]: Company successfully signed up: deivam12@gmail.com
8/31/2023, 8:03:10 AM [INFO]: Company successfully registerd
8/31/2023, 11:54:55 AM [INFO]: Company successfully registerd
8/31/2023, 12:28:59 PM [INFO]: Company successfully registerd
8/31/2023, 12:40:18 PM [INFO]: Company successfully registerd
8/31/2023, 12:46:30 PM [INFO]: Company successfully registerd
8/31/2023, 12:55:45 PM [INFO]: Company successfully registerd
8/31/2023, 12:57:31 PM [INFO]: Company successfully registerd
8/31/2023, 1:02:58 PM [INFO]: Company successfully registerd
8/31/2023, 1:07:37 PM [INFO]: Company successfully registerd
8/31/2023, 1:09:55 PM [INFO]: Company successfully registerd
8/31/2023, 1:14:36 PM [INFO]: Company successfully registerd
8/31/2023, 1:16:20 PM [INFO]: Company successfully registerd
8/31/2023, 1:25:28 PM [INFO]: Company successfully registerd
8/31/2023, 1:27:34 PM [INFO]: Company successfully registerd
8/31/2023, 1:30:08 PM [INFO]: Company successfully registerd
8/31/2023, 1:34:07 PM [ERROR]: Registration error: SequelizeDatabaseError: Unknown column 'companyReferrals' in 'field list'
8/31/2023, 1:39:52 PM [INFO]: Company successfully registerd
9/4/2023, 10:50:03 AM [INFO]: Investor successfully signed up: mino@gmail.com
9/4/2023, 10:51:25 AM [INFO]: Investor successfully registered: Minerva
9/4/2023, 11:17:07 AM [INFO]: Investor successfully signed up: niroopana@gmail.com
9/4/2023, 11:18:52 AM [INFO]: Investor successfully registered: Prathap
9/4/2023, 11:21:07 AM [INFO]: Company successfully signed up: harith123@gmail.com
9/4/2023, 3:15:26 PM [INFO]: Company successfully signed up: pavitha@gmail.com
9/4/2023, 3:44:06 PM [INFO]: Company successfully registerd
9/4/2023, 10:13:43 PM [INFO]: Company successfully registerd
9/5/2023, 11:37:19 AM [INFO]: Company successfully registerd
9/5/2023, 5:08:38 PM [INFO]: Investor successfully registered: Sathushan
9/5/2023, 6:36:29 PM [INFO]: Investor successfully registered: Sivaganeswary
9/6/2023, 10:38:30 AM [INFO]: Company successfully registerd
9/6/2023, 10:40:11 AM [INFO]: Company successfully registerd
9/6/2023, 11:59:26 AM [INFO]: Company successfully registerd
9/6/2023, 3:16:24 PM [INFO]: Company successfully registerd
9/6/2023, 9:43:25 PM [INFO]: Investor successfully registered: Abiramy
9/6/2023, 11:16:37 PM [INFO]: Investor successfully registered: Prathap
9/7/2023, 12:34:07 AM [INFO]: Investor successfully registered: Sathushan
9/7/2023, 1:19:03 AM [INFO]: Investor successfully registered: fvzffbhgdhrfhyhdmm
9/7/2023, 1:24:40 AM [INFO]: Investor successfully registered: ewghetjryj
9/7/2023, 2:17:50 AM [INFO]: Company successfully registerd
9/7/2023, 2:19:31 AM [INFO]: Company successfully registerd
9/7/2023, 2:21:22 AM [INFO]: Investor successfully registered: Abiramy
